<?xml version="1.0" encoding="UTF-8"?>
<testsuite name="ShiftRowsTesting" tests="3" skipped="0" failures="0" errors="0" timestamp="2021-02-05T11:44:23" hostname="LAPTOP-6R46FHR6" time="0.001">
  <properties/>
  <testcase name="shiftRowsTest1" classname="ShiftRowsTesting" time="0.001"/>
  <testcase name="shiftRowsTest2" classname="ShiftRowsTesting" time="0.0"/>
  <testcase name="shiftRowsTest3" classname="ShiftRowsTesting" time="0.0"/>
  <system-out><![CDATA[]]></system-out>
  <system-err><![CDATA[]]></system-err>
</testsuite>
