<?xml version="1.0" encoding="UTF-8"?>
<testsuite name="SubBytesTesting" tests="3" skipped="0" failures="0" errors="0" timestamp="2021-02-05T11:44:23" hostname="LAPTOP-6R46FHR6" time="0.003">
  <properties/>
  <testcase name="subBytesTest1" classname="SubBytesTesting" time="0.001"/>
  <testcase name="subBytesTest2" classname="SubBytesTesting" time="0.0"/>
  <testcase name="subBytesTest3" classname="SubBytesTesting" time="0.001"/>
  <system-out><![CDATA[]]></system-out>
  <system-err><![CDATA[]]></system-err>
</testsuite>
